# 2021 12
#Page has  0 elements,  0 rectangles, 0 lines,  0 c and  0 Quads
#page : 0 is probably Text
#Page has  0 elements,  0 rectangles, 0 lines,  0 c and  0 Quads
#page : 1 is probably Text
#Page has  38 elements,  38 rectangles, 0 lines,  0 c and  0 Quads
#page : 2 is probably Table
#Page has  38 elements,  38 rectangles, 0 lines,  0 c and  0 Quads
#page : 3 is probably Table
#Page has  21 elements,  21 rectangles, 0 lines,  0 c and  0 Quads
#page : 4 is probably Table
#Page has  0 elements,  0 rectangles, 0 lines,  0 c and  0 Quads
#page : 5 is probably Text
#Page has  39 elements,  39 rectangles, 0 lines,  0 c and  0 Quads
#page : 6 is probably Table
#Page has  39 elements,  39 rectangles, 0 lines,  0 c and  0 Quads
#page : 7 is probably Table
#Page has  22 elements,  22 rectangles, 0 lines,  0 c and  0 Quads
#page : 8 is probably Table
#Page has  0 elements,  0 rectangles, 0 lines,  0 c and  0 Quads
#page : 9 is probably Text
#Page has  0 elements,  0 rectangles, 0 lines,  0 c and  0 Quads
#page : 10 is probably Text
# 10 2 #Page has  0 elements,  0 rectangles, 0 lines,  0 c and  0 Quads
#page : 11 is probably Text
# 11 2 #Page has  17 elements,  0 rectangles, 17 lines,  0 c and  0 Quads
#page : 12 is probably Table
# 12 1 #Page has  17 elements,  0 rectangles, 17 lines,  0 c and  0 Quads
#page : 13 is probably Table
# 13 0 #Page has  17 elements,  0 rectangles, 17 lines,  0 c and  0 Quads
#page : 14 is probably Table
# 14 0 #Page has  17 elements,  0 rectangles, 17 lines,  0 c and  0 Quads
#page : 15 is probably Table
# 15 0 #Page has  17 elements,  0 rectangles, 17 lines,  0 c and  0 Quads
#page : 16 is probably Table
# 16 0 #Page has  17 elements,  0 rectangles, 17 lines,  0 c and  0 Quads
#page : 17 is probably Table
# 17 0 #Page has  17 elements,  0 rectangles, 17 lines,  0 c and  0 Quads
#page : 18 is probably Table
# 18 0 #Page has  0 elements,  0 rectangles, 0 lines,  0 c and  0 Quads
#page : 19 is probably Text
# 19 2 #Page has  0 elements,  0 rectangles, 0 lines,  0 c and  0 Quads
#page : 20 is probably Text
# 20 0 #Page has  0 elements,  0 rectangles, 0 lines,  0 c and  0 Quads
#page : 21 is probably Text
# 21 0 #Page has  89 elements,  53 rectangles, 36 lines,  0 c and  0 Quads
#page : 22 is probably Table
# 22 8 #Page has  22 elements,  16 rectangles, 6 lines,  0 c and  0 Quads
#page : 23 is probably Table
# 23 8 #Page has  162 elements,  85 rectangles, 77 lines,  0 c and  0 Quads
#page : 24 is probably Table
# 24 9 #Page has  0 elements,  0 rectangles, 0 lines,  0 c and  0 Quads
#page : 25 is probably Text
# 25 0 #Page has  314 elements,  163 rectangles, 151 lines,  0 c and  0 Quads
#page : 26 is probably Table
# 26 8 #Page has  242 elements,  143 rectangles, 99 lines,  0 c and  0 Quads
#page : 27 is probably Table
# 27 10 #Page has  173 elements,  100 rectangles, 73 lines,  0 c and  0 Quads
#page : 28 is probably Table
# 28 7 #Page has  22 elements,  16 rectangles, 6 lines,  0 c and  0 Quads
#page : 29 is probably Table
# 29 3 #Page has  22 elements,  14 rectangles, 8 lines,  0 c and  0 Quads
#page : 30 is probably Table
# 30 4 #Page has  118 elements,  63 rectangles, 55 lines,  0 c and  0 Quads
#page : 31 is probably Table
# 31 7 #Page has  236 elements,  124 rectangles, 112 lines,  0 c and  0 Quads
#page : 32 is probably Table
# 32 10 #Page has  166 elements,  89 rectangles, 77 lines,  0 c and  0 Quads
#page : 33 is probably Table
# 33 8 #Page has  0 elements,  0 rectangles, 0 lines,  0 c and  0 Quads
#page : 34 is probably Text
# 34 2 #Page has  0 elements,  0 rectangles, 0 lines,  0 c and  0 Quads
#page : 35 is probably Text
# 35 0 #Page has  19 elements,  17 rectangles, 2 lines,  0 c and  0 Quads
#page : 36 is probably Table
# 36 13 #Page has  100 elements,  58 rectangles, 42 lines,  0 c and  0 Quads
#page : 37 is probably Table
# 37 18 #Page has  30 elements,  24 rectangles, 6 lines,  0 c and  0 Quads
#page : 38 is probably Table
# 38 5 #Page has  250 elements,  131 rectangles, 119 lines,  0 c and  0 Quads
#page : 39 is probably Table
# 39 24 #Page has  271 elements,  138 rectangles, 133 lines,  0 c and  0 Quads
#page : 40 is probably Table
# 40 3 #Page has  257 elements,  131 rectangles, 126 lines,  0 c and  0 Quads
#page : 41 is probably Table
# 41 4 #Page has  218 elements,  113 rectangles, 105 lines,  0 c and  0 Quads
#page : 42 is probably Table
# 42 3 #Page has  117 elements,  68 rectangles, 49 lines,  0 c and  0 Quads
#page : 43 is probably Table
# 43 23 #Page has  181 elements,  97 rectangles, 84 lines,  0 c and  0 Quads
#page : 44 is probably Table
# 44 3 #Page has  114 elements,  65 rectangles, 49 lines,  0 c and  0 Quads
#page : 45 is probably Table
# 45 3 #Page has  0 elements,  0 rectangles, 0 lines,  0 c and  0 Quads
#page : 46 is probably Text
# 46 2 #Page has  0 elements,  0 rectangles, 0 lines,  0 c and  0 Quads
#page : 47 is probably Text
# 47 0 #Page has  19 elements,  17 rectangles, 2 lines,  0 c and  0 Quads
#page : 48 is probably Table
# 48 12 #Page has  100 elements,  58 rectangles, 42 lines,  0 c and  0 Quads
#page : 49 is probably Table
# 49 17 #Page has  30 elements,  24 rectangles, 6 lines,  0 c and  0 Quads
#page : 50 is probably Table
# 50 7 #Page has  250 elements,  131 rectangles, 119 lines,  0 c and  0 Quads
#page : 51 is probably Table
#Page has  271 elements,  138 rectangles, 133 lines,  0 c and  0 Quads
#page : 52 is probably Table
#Page has  257 elements,  131 rectangles, 126 lines,  0 c and  0 Quads
#page : 53 is probably Table
#Page has  218 elements,  113 rectangles, 105 lines,  0 c and  0 Quads
#page : 54 is probably Table
#Page has  117 elements,  68 rectangles, 49 lines,  0 c and  0 Quads
#page : 55 is probably Table
#Page has  181 elements,  97 rectangles, 84 lines,  0 c and  0 Quads
#page : 56 is probably Table
#Page has  114 elements,  65 rectangles, 49 lines,  0 c and  0 Quads
#page : 57 is probably Table
#Page has  0 elements,  0 rectangles, 0 lines,  0 c and  0 Quads
#page : 58 is probably Text
#Page has  0 elements,  0 rectangles, 0 lines,  0 c and  0 Quads
#page : 59 is probably Text
#Page has  295 elements,  167 rectangles, 128 lines,  0 c and  0 Quads
#page : 60 is probably Table
#Page has  6 elements,  4 rectangles, 2 lines,  0 c and  0 Quads
#page : 61 is probably Table
#Page has  385 elements,  210 rectangles, 175 lines,  0 c and  0 Quads
#page : 62 is probably Table
#Page has  464 elements,  250 rectangles, 214 lines,  0 c and  0 Quads
#page : 63 is probably Table
#Page has  474 elements,  258 rectangles, 216 lines,  0 c and  0 Quads
#page : 64 is probably Table
#Page has  488 elements,  260 rectangles, 228 lines,  0 c and  0 Quads
#page : 65 is probably Table
#Page has  502 elements,  274 rectangles, 228 lines,  0 c and  0 Quads
#page : 66 is probably Table
#Page has  487 elements,  265 rectangles, 222 lines,  0 c and  0 Quads
#page : 67 is probably Table
#Page has  492 elements,  270 rectangles, 222 lines,  0 c and  0 Quads
#page : 68 is probably Table
#Page has  482 elements,  260 rectangles, 222 lines,  0 c and  0 Quads
#page : 69 is probably Table
#Page has  488 elements,  266 rectangles, 222 lines,  0 c and  0 Quads
#page : 70 is probably Table
#Page has  179 elements,  105 rectangles, 74 lines,  0 c and  0 Quads
#page : 71 is probably Table
#Page has  154 elements,  81 rectangles, 73 lines,  0 c and  0 Quads
#page : 72 is probably Table
#Page has  104 elements,  34 rectangles, 67 lines,  1 c and  2 Quads
#page : 73 is probably Table
#Page has  219 elements,  129 rectangles, 90 lines,  0 c and  0 Quads
#page : 74 is probably Table
#Page has  32 elements,  23 rectangles, 9 lines,  0 c and  0 Quads
#page : 75 is probably Table
#Page has  6 elements,  2 rectangles, 4 lines,  0 c and  0 Quads
#page : 76 is probably Table
#Page has  234 elements,  142 rectangles, 92 lines,  0 c and  0 Quads
#page : 77 is probably Table
#Page has  168 elements,  100 rectangles, 68 lines,  0 c and  0 Quads
#page : 78 is probably Table
#Page has  9 elements,  5 rectangles, 4 lines,  0 c and  0 Quads
#page : 79 is probably Table
#Page has  13 elements,  6 rectangles, 7 lines,  0 c and  0 Quads
#page : 80 is probably Table
#Page has  194 elements,  105 rectangles, 89 lines,  0 c and  0 Quads
#page : 81 is probably Table
#Page has  0 elements,  0 rectangles, 0 lines,  0 c and  0 Quads
#page : 82 is probably Text
#Page has  0 elements,  0 rectangles, 0 lines,  0 c and  0 Quads
#page : 83 is probably Text
#Page has  464 elements,  239 rectangles, 225 lines,  0 c and  0 Quads
#page : 84 is probably Table
#Page has  197 elements,  76 rectangles, 118 lines,  1 c and  2 Quads
#page : 85 is probably Table
#Page has  243 elements,  136 rectangles, 107 lines,  0 c and  0 Quads
#page : 86 is probably Table
#Page has  90 elements,  51 rectangles, 39 lines,  0 c and  0 Quads
#page : 87 is probably Table
#Page has  46 elements,  30 rectangles, 16 lines,  0 c and  0 Quads
#page : 88 is probably Table
#Page has  10 elements,  10 rectangles, 0 lines,  0 c and  0 Quads
#page : 89 is probably Table
#Page has  352 elements,  193 rectangles, 159 lines,  0 c and  0 Quads
#page : 90 is probably Table
#Page has  469 elements,  260 rectangles, 209 lines,  0 c and  0 Quads
#page : 91 is probably Table
#Page has  6 elements,  4 rectangles, 2 lines,  0 c and  0 Quads
#page : 92 is probably Table
#Page has  61 elements,  51 rectangles, 10 lines,  0 c and  0 Quads
#page : 93 is probably Table
#Page has  98 elements,  59 rectangles, 39 lines,  0 c and  0 Quads
#page : 94 is probably Table
#Page has  149 elements,  81 rectangles, 68 lines,  0 c and  0 Quads
#page : 95 is probably Table
#Page has  82 elements,  64 rectangles, 18 lines,  0 c and  0 Quads
#page : 96 is probably Table
#Page has  118 elements,  59 rectangles, 59 lines,  0 c and  0 Quads
#page : 97 is probably Table
#Page has  150 elements,  75 rectangles, 75 lines,  0 c and  0 Quads
#page : 98 is probably Table
#Page has  131 elements,  65 rectangles, 66 lines,  0 c and  0 Quads
#page : 99 is probably Table
#Page has  145 elements,  72 rectangles, 73 lines,  0 c and  0 Quads
#page : 100 is probably Table
#Page has  144 elements,  72 rectangles, 72 lines,  0 c and  0 Quads
#page : 101 is probably Table
#Page has  120 elements,  61 rectangles, 59 lines,  0 c and  0 Quads
#page : 102 is probably Table
#Page has  238 elements,  126 rectangles, 112 lines,  0 c and  0 Quads
#page : 103 is probably Table
#Page has  169 elements,  90 rectangles, 79 lines,  0 c and  0 Quads
#page : 104 is probably Table
#Page has  690 elements,  203 rectangles, 485 lines,  0 c and  2 Quads
#page : 105 is probably Table
#Page has  193 elements,  101 rectangles, 92 lines,  0 c and  0 Quads
#page : 106 is probably Table
#Page has  76 elements,  48 rectangles, 16 lines,  12 c and  0 Quads
#page : 107 is probably Graph
#Page has  120 elements,  43 rectangles, 75 lines,  0 c and  2 Quads
#page : 108 is probably Table
#Page has  135 elements,  55 rectangles, 78 lines,  0 c and  2 Quads
#page : 109 is probably Table
#Page has  188 elements,  89 rectangles, 97 lines,  0 c and  2 Quads
#page : 110 is probably Table
#Page has  272 elements,  142 rectangles, 130 lines,  0 c and  0 Quads
#page : 111 is probably Table
#Page has  330 elements,  166 rectangles, 164 lines,  0 c and  0 Quads
#page : 112 is probably Table
#Page has  223 elements,  113 rectangles, 110 lines,  0 c and  0 Quads
#page : 113 is probably Table
#Page has  43 elements,  21 rectangles, 22 lines,  0 c and  0 Quads
#page : 114 is probably Table
#Page has  59 elements,  42 rectangles, 17 lines,  0 c and  0 Quads
#page : 115 is probably Table
#Page has  300 elements,  175 rectangles, 125 lines,  0 c and  0 Quads
#page : 116 is probably Table
#Page has  178 elements,  100 rectangles, 78 lines,  0 c and  0 Quads
#page : 117 is probably Table
#Page has  22 elements,  16 rectangles, 6 lines,  0 c and  0 Quads
#page : 118 is probably Table
#Page has  23 elements,  13 rectangles, 10 lines,  0 c and  0 Quads
#page : 119 is probably Table
#Page has  178 elements,  100 rectangles, 78 lines,  0 c and  0 Quads
#page : 120 is probably Table
#Page has  197 elements,  104 rectangles, 93 lines,  0 c and  0 Quads
#page : 121 is probably Table
#Page has  199 elements,  106 rectangles, 93 lines,  0 c and  0 Quads
#page : 122 is probably Table
#Page has  199 elements,  106 rectangles, 93 lines,  0 c and  0 Quads
#page : 123 is probably Table
#Page has  241 elements,  143 rectangles, 98 lines,  0 c and  0 Quads
#page : 124 is probably Table
#Page has  350 elements,  182 rectangles, 168 lines,  0 c and  0 Quads
#page : 125 is probably Table
#Page has  352 elements,  184 rectangles, 168 lines,  0 c and  0 Quads
#page : 126 is probably Table
#Page has  352 elements,  184 rectangles, 168 lines,  0 c and  0 Quads
#page : 127 is probably Table
# {10: (0.0, 2, 0, 1), 11: (0.0, 2, 0, 1), 12: (0.02857142857142857, 1, 0, 1), 13: (0.0, 0, 0, 1), 14: (0.0, 0, 0, 1), 15: (0.0, 0, 0, 1), 16: (0.0, 0, 0, 1), 17: (0.0, 0, 0, 1), 18: (0.0, 0, 0, 1), 19: (0.0, 2, 0, 1), 20: (0.0, 0, 0, 0.5), 21: (0.0, 0, 0, 0.5), 22: (0.11428571428571428, 8, 0, 0.5), 23: (0.11428571428571428, 8, 0, 0.5), 24: (0.12857142857142856, 9, 0, 0.5), 25: (0.0, 0, 0, 0.5), 26: (0.11428571428571428, 8, 0, 0.5), 27: (0.14285714285714285, 10, 0, 0.5), 28: (0.1, 7, 0, 0.5), 29: (0.04285714285714286, 3, 0, 0.5), 30: (0.05714285714285714, 4, 0, 0.5), 31: (0.1, 7, 0, 0.5), 32: (0.1845238095238095, 10, 1, 0.5), 33: (0.11428571428571428, 8, 0, 0.5), 34: (0.0, 2, 0, 1), 35: (0.0, 0, 0, 1), 36: (0.5380952380952381, 13, 2, 1), 37: (0.6809523809523809, 18, 2, 1), 38: (0.14285714285714285, 5, 0, 1), 39: (1.1857142857142857, 24, 6, 1), 40: (0.08571428571428572, 3, 0, 1), 41: (0.11428571428571428, 4, 0, 1), 42: (0.08571428571428572, 3, 0, 1), 43: (0.9904761904761905, 23, 4, 1), 44: (0.08571428571428572, 3, 0, 1), 45: (0.08571428571428572, 3, 0, 1), 46: (0.0, 2, 0, 0.5), 47: (0.0, 0, 0, 0.5), 48: (0.17142857142857143, 12, 0, 0.5), 49: (0.24285714285714285, 17, 0, 0.5), 50: (0.1, 7, 0, 0.5)}
